Build started 6/2/2015 6:10:25 PM.
     1>Project "C:\Users\raria_000\Dropbox\Spring 15\CS256\Assignment3\Assignment3\Assignment3.vcxproj" on node 2 (Rebuild target(s)).
     1>ClCompile:
         C:\Program Files (x86)\Microsoft Visual Studio 12.0\VC\bin\CL.exe /c /ZI /nologo /W3 /WX- /Od /Oy- /D WIN32 /D _DEBUG /D _CONSOLE /D _LIB /D _UNICODE /D UNICODE /Gm /EHsc /RTC1 /MDd /GS /fp:precise /Zc:wchar_t /Zc:forScope /Fo"Debug\\" /Fd"Debug\vc120.pdb" /Gd /TP /analyze- /errorReport:prompt Evaluate.cpp LinkedList.cpp main.cpp Node.cpp
         Node.cpp
         main.cpp
     1>c:\users\raria_000\dropbox\spring 15\cs256\assignment3\assignment3\evaluate.cpp(48): warning C4018: '<' : signed/unsigned mismatch
     1>c:\users\raria_000\dropbox\spring 15\cs256\assignment3\assignment3\evaluate.cpp(253): warning C4018: '<' : signed/unsigned mismatch
         LinkedList.cpp
         Evaluate.cpp
     1>c:\users\raria_000\dropbox\spring 15\cs256\assignment3\assignment3\evaluate.cpp(48): warning C4018: '<' : signed/unsigned mismatch
     1>c:\users\raria_000\dropbox\spring 15\cs256\assignment3\assignment3\evaluate.cpp(253): warning C4018: '<' : signed/unsigned mismatch
         Generating Code...
       Link:
         C:\Program Files (x86)\Microsoft Visual Studio 12.0\VC\bin\link.exe /ERRORREPORT:PROMPT /OUT:"C:\Users\raria_000\Dropbox\Spring 15\CS256\Assignment3\Debug\Assignment3.exe" /INCREMENTAL /NOLOGO kernel32.lib user32.lib gdi32.lib winspool.lib comdlg32.lib advapi32.lib shell32.lib ole32.lib oleaut32.lib uuid.lib odbc32.lib odbccp32.lib /MANIFEST /MANIFESTUAC:"level='asInvoker' uiAccess='false'" /manifest:embed /DEBUG /PDB:"C:\Users\raria_000\Dropbox\Spring 15\CS256\Assignment3\Debug\Assignment3.pdb" /SUBSYSTEM:CONSOLE /TLBID:1 /DYNAMICBASE /NXCOMPAT /IMPLIB:"C:\Users\raria_000\Dropbox\Spring 15\CS256\Assignment3\Debug\Assignment3.lib" /MACHINE:X86 Debug\Evaluate.obj
         Debug\LinkedList.obj
         Debug\main.obj
         Debug\Node.obj
         Assignment3.vcxproj -> C:\Users\raria_000\Dropbox\Spring 15\CS256\Assignment3\Debug\Assignment3.exe
     1>Done Building Project "C:\Users\raria_000\Dropbox\Spring 15\CS256\Assignment3\Assignment3\Assignment3.vcxproj" (Rebuild target(s)).

Build succeeded.

Time Elapsed 00:00:11.56
