Build started 5/11/2015 5:40:50 PM.
     1>Project "E:\usb backup\Spring 15\CS 256\Assignment2\Assignment2\Assignment2.vcxproj" on node 2 (Rebuild target(s)).
     1>ClCompile:
         C:\Program Files (x86)\Microsoft Visual Studio 12.0\VC\bin\CL.exe /c /Zi /nologo /W3 /WX- /O2 /Oi /Oy- /GL /D WIN32 /D NDEBUG /D _CONSOLE /D _LIB /D _UNICODE /D UNICODE /Gm- /EHsc /MD /GS /Gy /fp:precise /Zc:wchar_t /Zc:forScope /Fo"Release\\" /Fd"Release\vc120.pdb" /Gd /TP /analyze- /errorReport:prompt Evaluate.cpp LinkedList.cpp main.cpp Node.cpp
         Evaluate.cpp
     1>Evaluate.cpp(35): warning C4018: '<' : signed/unsigned mismatch
     1>Evaluate.cpp(210): warning C4018: '<' : signed/unsigned mismatch
     1>Evaluate.cpp(212): warning C4018: '<' : signed/unsigned mismatch
     1>Evaluate.cpp(228): warning C4018: '<' : signed/unsigned mismatch
     1>Evaluate.cpp(249): warning C4018: '<' : signed/unsigned mismatch
     1>Evaluate.cpp(280): warning C4018: '<' : signed/unsigned mismatch
     1>Evaluate.cpp(296): warning C4018: '<' : signed/unsigned mismatch
     1>Evaluate.cpp(314): warning C4018: '<' : signed/unsigned mismatch
     1>Evaluate.cpp(316): warning C4018: '<' : signed/unsigned mismatch
     1>Evaluate.cpp(324): warning C4018: '<' : signed/unsigned mismatch
     1>Evaluate.cpp(342): warning C4018: '<' : signed/unsigned mismatch
     1>Evaluate.cpp(344): warning C4018: '<' : signed/unsigned mismatch
     1>Evaluate.cpp(352): warning C4018: '<' : signed/unsigned mismatch
     1>Evaluate.cpp(368): warning C4018: '<' : signed/unsigned mismatch
     1>Evaluate.cpp(383): warning C4018: '<' : signed/unsigned mismatch
         LinkedList.cpp
         main.cpp
     1>e:\usb backup\spring 15\cs 256\assignment2\assignment2\Evaluate.cpp(35): warning C4018: '<' : signed/unsigned mismatch
     1>e:\usb backup\spring 15\cs 256\assignment2\assignment2\Evaluate.cpp(210): warning C4018: '<' : signed/unsigned mismatch
     1>e:\usb backup\spring 15\cs 256\assignment2\assignment2\Evaluate.cpp(212): warning C4018: '<' : signed/unsigned mismatch
     1>e:\usb backup\spring 15\cs 256\assignment2\assignment2\Evaluate.cpp(228): warning C4018: '<' : signed/unsigned mismatch
     1>e:\usb backup\spring 15\cs 256\assignment2\assignment2\Evaluate.cpp(249): warning C4018: '<' : signed/unsigned mismatch
     1>e:\usb backup\spring 15\cs 256\assignment2\assignment2\Evaluate.cpp(280): warning C4018: '<' : signed/unsigned mismatch
     1>e:\usb backup\spring 15\cs 256\assignment2\assignment2\Evaluate.cpp(296): warning C4018: '<' : signed/unsigned mismatch
     1>e:\usb backup\spring 15\cs 256\assignment2\assignment2\Evaluate.cpp(314): warning C4018: '<' : signed/unsigned mismatch
     1>e:\usb backup\spring 15\cs 256\assignment2\assignment2\Evaluate.cpp(316): warning C4018: '<' : signed/unsigned mismatch
     1>e:\usb backup\spring 15\cs 256\assignment2\assignment2\Evaluate.cpp(324): warning C4018: '<' : signed/unsigned mismatch
     1>e:\usb backup\spring 15\cs 256\assignment2\assignment2\Evaluate.cpp(342): warning C4018: '<' : signed/unsigned mismatch
     1>e:\usb backup\spring 15\cs 256\assignment2\assignment2\Evaluate.cpp(344): warning C4018: '<' : signed/unsigned mismatch
     1>e:\usb backup\spring 15\cs 256\assignment2\assignment2\Evaluate.cpp(352): warning C4018: '<' : signed/unsigned mismatch
     1>e:\usb backup\spring 15\cs 256\assignment2\assignment2\Evaluate.cpp(368): warning C4018: '<' : signed/unsigned mismatch
     1>e:\usb backup\spring 15\cs 256\assignment2\assignment2\Evaluate.cpp(383): warning C4018: '<' : signed/unsigned mismatch
         Node.cpp
       Link:
         C:\Program Files (x86)\Microsoft Visual Studio 12.0\VC\bin\link.exe /ERRORREPORT:PROMPT /OUT:"E:\usb backup\Spring 15\CS 256\Assignment2\Release\Assignment2.exe" /INCREMENTAL:NO /NOLOGO kernel32.lib user32.lib gdi32.lib winspool.lib comdlg32.lib advapi32.lib shell32.lib ole32.lib oleaut32.lib uuid.lib odbc32.lib odbccp32.lib /MANIFEST /MANIFESTUAC:"level='asInvoker' uiAccess='false'" /manifest:embed /DEBUG /PDB:"E:\usb backup\Spring 15\CS 256\Assignment2\Release\Assignment2.pdb" /SUBSYSTEM:CONSOLE /OPT:REF /OPT:ICF /LTCG /TLBID:1 /DYNAMICBASE /NXCOMPAT /IMPLIB:"E:\usb backup\Spring 15\CS 256\Assignment2\Release\Assignment2.lib" /MACHINE:X86 /SAFESEH Release\Evaluate.obj
         Release\LinkedList.obj
         Release\main.obj
         Release\Node.obj
         Generating code
         Finished generating code
         Assignment2.vcxproj -> E:\usb backup\Spring 15\CS 256\Assignment2\Release\Assignment2.exe
     1>Done Building Project "E:\usb backup\Spring 15\CS 256\Assignment2\Assignment2\Assignment2.vcxproj" (Rebuild target(s)).

Build succeeded.

Time Elapsed 00:00:27.49
