Build started 5/11/2015 5:38:20 PM.
     1>Project "E:\usb backup\Spring 15\CS 256\Assignment2\Assignment2\Assignment2.vcxproj" on node 2 (Rebuild target(s)).
     1>ClCompile:
         C:\Program Files (x86)\Microsoft Visual Studio 12.0\VC\bin\CL.exe /c /ZI /nologo /W3 /WX- /Od /Oy- /D WIN32 /D _DEBUG /D _CONSOLE /D _LIB /D _UNICODE /D UNICODE /Gm /EHsc /RTC1 /MDd /GS /fp:precise /Zc:wchar_t /Zc:forScope /Fo"Debug\\" /Fd"Debug\vc120.pdb" /Gd /TP /analyze- /errorReport:prompt Evaluate.cpp LinkedList.cpp main.cpp Node.cpp
         Node.cpp
         main.cpp
     1>e:\usb backup\spring 15\cs 256\assignment2\assignment2\evaluate.cpp(35): warning C4018: '<' : signed/unsigned mismatch
     1>e:\usb backup\spring 15\cs 256\assignment2\assignment2\evaluate.cpp(210): warning C4018: '<' : signed/unsigned mismatch
     1>e:\usb backup\spring 15\cs 256\assignment2\assignment2\evaluate.cpp(212): warning C4018: '<' : signed/unsigned mismatch
     1>e:\usb backup\spring 15\cs 256\assignment2\assignment2\evaluate.cpp(228): warning C4018: '<' : signed/unsigned mismatch
     1>e:\usb backup\spring 15\cs 256\assignment2\assignment2\evaluate.cpp(249): warning C4018: '<' : signed/unsigned mismatch
     1>e:\usb backup\spring 15\cs 256\assignment2\assignment2\evaluate.cpp(280): warning C4018: '<' : signed/unsigned mismatch
     1>e:\usb backup\spring 15\cs 256\assignment2\assignment2\evaluate.cpp(296): warning C4018: '<' : signed/unsigned mismatch
     1>e:\usb backup\spring 15\cs 256\assignment2\assignment2\evaluate.cpp(314): warning C4018: '<' : signed/unsigned mismatch
     1>e:\usb backup\spring 15\cs 256\assignment2\assignment2\evaluate.cpp(316): warning C4018: '<' : signed/unsigned mismatch
     1>e:\usb backup\spring 15\cs 256\assignment2\assignment2\evaluate.cpp(324): warning C4018: '<' : signed/unsigned mismatch
     1>e:\usb backup\spring 15\cs 256\assignment2\assignment2\evaluate.cpp(342): warning C4018: '<' : signed/unsigned mismatch
     1>e:\usb backup\spring 15\cs 256\assignment2\assignment2\evaluate.cpp(344): warning C4018: '<' : signed/unsigned mismatch
     1>e:\usb backup\spring 15\cs 256\assignment2\assignment2\evaluate.cpp(352): warning C4018: '<' : signed/unsigned mismatch
     1>e:\usb backup\spring 15\cs 256\assignment2\assignment2\evaluate.cpp(368): warning C4018: '<' : signed/unsigned mismatch
     1>e:\usb backup\spring 15\cs 256\assignment2\assignment2\evaluate.cpp(383): warning C4018: '<' : signed/unsigned mismatch
         LinkedList.cpp
         Evaluate.cpp
     1>e:\usb backup\spring 15\cs 256\assignment2\assignment2\evaluate.cpp(35): warning C4018: '<' : signed/unsigned mismatch
     1>e:\usb backup\spring 15\cs 256\assignment2\assignment2\evaluate.cpp(210): warning C4018: '<' : signed/unsigned mismatch
     1>e:\usb backup\spring 15\cs 256\assignment2\assignment2\evaluate.cpp(212): warning C4018: '<' : signed/unsigned mismatch
     1>e:\usb backup\spring 15\cs 256\assignment2\assignment2\evaluate.cpp(228): warning C4018: '<' : signed/unsigned mismatch
     1>e:\usb backup\spring 15\cs 256\assignment2\assignment2\evaluate.cpp(249): warning C4018: '<' : signed/unsigned mismatch
     1>e:\usb backup\spring 15\cs 256\assignment2\assignment2\evaluate.cpp(280): warning C4018: '<' : signed/unsigned mismatch
     1>e:\usb backup\spring 15\cs 256\assignment2\assignment2\evaluate.cpp(296): warning C4018: '<' : signed/unsigned mismatch
     1>e:\usb backup\spring 15\cs 256\assignment2\assignment2\evaluate.cpp(314): warning C4018: '<' : signed/unsigned mismatch
     1>e:\usb backup\spring 15\cs 256\assignment2\assignment2\evaluate.cpp(316): warning C4018: '<' : signed/unsigned mismatch
     1>e:\usb backup\spring 15\cs 256\assignment2\assignment2\evaluate.cpp(324): warning C4018: '<' : signed/unsigned mismatch
     1>e:\usb backup\spring 15\cs 256\assignment2\assignment2\evaluate.cpp(342): warning C4018: '<' : signed/unsigned mismatch
     1>e:\usb backup\spring 15\cs 256\assignment2\assignment2\evaluate.cpp(344): warning C4018: '<' : signed/unsigned mismatch
     1>e:\usb backup\spring 15\cs 256\assignment2\assignment2\evaluate.cpp(352): warning C4018: '<' : signed/unsigned mismatch
     1>e:\usb backup\spring 15\cs 256\assignment2\assignment2\evaluate.cpp(368): warning C4018: '<' : signed/unsigned mismatch
     1>e:\usb backup\spring 15\cs 256\assignment2\assignment2\evaluate.cpp(383): warning C4018: '<' : signed/unsigned mismatch
         Generating Code...
       Link:
         C:\Program Files (x86)\Microsoft Visual Studio 12.0\VC\bin\link.exe /ERRORREPORT:PROMPT /OUT:"E:\usb backup\Spring 15\CS 256\Assignment2\Debug\Assignment2.exe" /INCREMENTAL /NOLOGO kernel32.lib user32.lib gdi32.lib winspool.lib comdlg32.lib advapi32.lib shell32.lib ole32.lib oleaut32.lib uuid.lib odbc32.lib odbccp32.lib /MANIFEST /MANIFESTUAC:"level='asInvoker' uiAccess='false'" /manifest:embed /DEBUG /PDB:"E:\usb backup\Spring 15\CS 256\Assignment2\Debug\Assignment2.pdb" /SUBSYSTEM:CONSOLE /TLBID:1 /DYNAMICBASE /NXCOMPAT /IMPLIB:"E:\usb backup\Spring 15\CS 256\Assignment2\Debug\Assignment2.lib" /MACHINE:X86 Debug\Evaluate.obj
         Debug\LinkedList.obj
         Debug\main.obj
         Debug\Node.obj
         Assignment2.vcxproj -> E:\usb backup\Spring 15\CS 256\Assignment2\Debug\Assignment2.exe
     1>Done Building Project "E:\usb backup\Spring 15\CS 256\Assignment2\Assignment2\Assignment2.vcxproj" (Rebuild target(s)).

Build succeeded.

Time Elapsed 00:00:29.20
